<?xml version="1.0" encoding="UTF-8"?>
<testsuite xmlns:xsi="http://www.w3.org/2001/XMLSchema-instance" xsi:noNamespaceSchemaLocation="https://maven.apache.org/surefire/maven-surefire-plugin/xsd/surefire-test-report-3.0.xsd" version="3.0" name="git.imandb.aws.serverless.ServerlessApplicationTests" time="2.792" tests="1" errors="0" skipped="0" failures="0">
  <properties>
[...]
</properties>
  <testcase name="contextLoads" classname="git.imandb.aws.serverless.ServerlessApplicationTests" time="0.84">
    <system-out><![CDATA[18:29:42.072 [main] INFO org.springframework.test.context.support.AnnotationConfigContextLoaderUtils -- Could not detect default configuration classes for test class [git.imandb.aws.serverless.ServerlessApplicationTests]: ServerlessApplicationTests does not declare any static, non-private, non-final, nested classes annotated with @Configuration.
18:29:42.177 [main] INFO org.springframework.boot.test.context.SpringBootTestContextBootstrapper -- Found @SpringBootConfiguration git.imandb.aws.serverless.ServerlessApplication for test class git.imandb.aws.serverless.ServerlessApplicationTests
  .   ____          _            __ _ _
 /\\ / ___'_ __ _ _(_)_ __  __ _ \ \ \ \
( ( )\___ | '_ | '_| | '_ \/ _` | \ \ \ \
 \\/  ___)| |_)| | | | | || (_| |  ) ) ) )
  '  |____| .__|_| |_|_| |_\__, | / / / /
 =========|_|==============|___/=/_/_/_/

 :: Spring Boot ::                (v3.3.0)

2024-06-13T18:29:42.550+02:00  WARN 6324 --- [serverless] [           main] ory$DuplicateJsonObjectContextCustomizer : 

Found multiple occurrences of org.json.JSONObject on the class path:

	jar:file:/C:/Users/A200224906/.m2/repository/org/json/json/20240303/json-20240303.jar!/org/json/JSONObject.class
	jar:file:/C:/Users/A200224906/.m2/repository/com/vaadin/external/google/android-json/0.0.20131108.vaadin1/android-json-0.0.20131108.vaadin1.jar!/org/json/JSONObject.class

You may wish to exclude one of them to ensure predictable runtime behavior

2024-06-13T18:29:42.569+02:00  INFO 6324 --- [serverless] [           main] g.i.a.s.ServerlessApplicationTests       : Starting ServerlessApplicationTests using Java 21.0.1 with PID 6324 (started by A200224906 in C:\Users\A200224906\proj-git\serverless\serverless)
2024-06-13T18:29:42.570+02:00  INFO 6324 --- [serverless] [           main] g.i.a.s.ServerlessApplicationTests       : No active profile set, falling back to 1 default profile: "default"
2024-06-13T18:29:43.838+02:00  INFO 6324 --- [serverless] [           main] g.i.a.s.ServerlessApplicationTests       : Started ServerlessApplicationTests in 1.52 seconds (process running for 2.482)
]]></system-out>
    <system-err><![CDATA[WARNING: A Java agent has been loaded dynamically (C:\Users\A200224906\.m2\repository\net\bytebuddy\byte-buddy-agent\1.14.16\byte-buddy-agent-1.14.16.jar)
WARNING: If a serviceability tool is in use, please run with -XX:+EnableDynamicAgentLoading to hide this warning
WARNING: If a serviceability tool is not in use, please run with -Djdk.instrument.traceUsage for more information
WARNING: Dynamic loading of agents will be disallowed by default in a future release
]]></system-err>
  </testcase>
</testsuite>